{
  "stats": {
    "suites": 1,
    "tests": 1,
    "passes": 1,
    "pending": 0,
    "failures": 0,
    "start": "2022-03-21T08:49:53.382Z",
    "end": "2022-03-21T08:50:08.142Z",
    "duration": 14760,
    "testsRegistered": 1,
    "passPercent": 100,
    "pendingPercent": 0,
    "other": 0,
    "hasOther": false,
    "skipped": 0,
    "hasSkipped": false
  },
  "results": [
    {
      "uuid": "5056dedb-6dd8-4526-ac99-906df367fdff",
      "title": "",
      "fullFile": "cypress/integration/Elements.js",
      "file": "cypress/integration/Elements.js",
      "beforeHooks": [],
      "afterHooks": [],
      "tests": [],
      "suites": [
        {
          "uuid": "47c0b369-8681-4f5a-a09f-6837c78d7859",
          "title": "Dashboard",
          "fullFile": "",
          "file": "",
          "beforeHooks": [],
          "afterHooks": [],
          "tests": [
            {
              "title": "check-uncheck-check",
              "fullTitle": "Dashboard check-uncheck-check",
              "timedOut": null,
              "duration": 11060,
              "state": "passed",
              "speed": "slow",
              "pass": true,
              "fail": false,
              "pending": false,
              "context": null,
              "code": "//checkboxes\ncy.visit('https://rahulshettyacademy.com/AutomationPractice/');\ncy.get('#checkBoxOption1').check().should('be.checked').and('have.value', 'option1');\ncy.get('#checkBoxOption1').uncheck().should('not.be.checked');\ncy.get('input[type=\"checkbox\"]').check(['option2', 'option3']); //static dropdown\ncy.get('select').select('option3').should('have.value', 'option3'); //dynamic dropdown\ncy.get('#autocomplete').type('ind');\ncy.get('.ui-menu-item div').each(($e1, index, $list) => {\n  if ($e1.text() == \"Indonesia\") {\n    $e1.click();\n  }\n});\ncy.get('#autocomplete').should('have.value', 'Indonesia'); //visible-invisible elements\ncy.get('#displayed-text').should('be.visible');\ncy.get('#hide-textbox').click();\ncy.get('#displayed-text').should('not.be.visible');\ncy.get('#show-textbox').click(); //radiobuttons\ncy.get('[value=\"radio2\"]').check().should('be.checked');",
              "err": {},
              "uuid": "00136caf-1869-467c-8726-522f2f171c26",
              "parentUUID": "47c0b369-8681-4f5a-a09f-6837c78d7859",
              "isHook": false,
              "skipped": false
            }
          ],
          "suites": [],
          "passes": [
            "00136caf-1869-467c-8726-522f2f171c26"
          ],
          "failures": [],
          "pending": [],
          "skipped": [],
          "duration": 11060,
          "root": false,
          "rootEmpty": false,
          "_timeout": 2000
        }
      ],
      "passes": [],
      "failures": [],
      "pending": [],
      "skipped": [],
      "duration": 0,
      "root": true,
      "rootEmpty": true,
      "_timeout": 2000
    }
  ],
  "meta": {
    "mocha": {
      "version": "7.0.1"
    },
    "mochawesome": {
      "options": {
        "quiet": false,
        "reportFilename": "mochawesome",
        "saveHtml": true,
        "saveJson": true,
        "consoleReporter": "spec",
        "useInlineDiffs": false,
        "code": true
      },
      "version": "7.1.2"
    },
    "marge": {
      "options": null,
      "version": "6.1.1"
    }
  }
}